<?xml version="1.0" encoding="UTF-8"?>
<!-- Generated by org.testng.reporters.JUnitXMLReporter -->
<testsuite hostname="DESKTOP-7JK4AN7" ignored="1" name="TestGoogle" tests="1" failures="0" timestamp="2023-02-22T11:55:14 PST" time="56.699" errors="0">
  <testcase name="TestGoogle" time="56.674" classname="org.testNG.practice.FirstTest"/>
  <testcase name="TestFacebook" time="0.0" classname="org.testNG.practice.FirstTest">
    <ignored/>
  </testcase> <!-- TestFacebook -->
</testsuite> <!-- TestGoogle -->
