<?xml version="1.0" encoding="UTF-8"?>
<!-- Generated by org.testng.reporters.JUnitXMLReporter -->
<testsuite hostname="DESKTOP-7JK4AN7" ignored="0" name="Test1" tests="7" failures="0" timestamp="2023-02-24T10:34:37 PST" time="0.271" errors="0">
  <testcase name="testMethod3" time="0.037" classname="org.testNG.practice.TestClass1"/>
  <testcase name="testMethod2" time="0.023" classname="org.testNG.practice.TestClass1"/>
  <testcase name="testMethod1" time="0.038" classname="org.testNG.practice.TestClass1"/>
  <testcase name="testMethod4" time="0.006" classname="org.testNG.practice.TestClass2"/>
  <testcase name="testMethod5" time="0.003" classname="org.testNG.practice.TestClass2"/>
  <testcase name="testMethod6" time="0.002" classname="org.testNG.practice.TestClass2"/>
  <testcase name="testMethod7" time="0.006" classname="org.testNG.practice.TestClass2"/>
</testsuite> <!-- Test1 -->
