<?xml version="1.0" encoding="UTF-8"?>
<!-- Generated by org.testng.reporters.JUnitXMLReporter -->
<testsuite hostname="DESKTOP-7JK4AN7" ignored="0" name="Test2" tests="4" failures="0" timestamp="2023-02-24T10:34:37 PST" time="0.176" errors="0">
  <testcase name="testMethod10" time="0.013" classname="org.testNG.practice.TestClass3"/>
  <testcase name="testMethod11" time="0.003" classname="org.testNG.practice.TestClass3"/>
  <testcase name="testMethod8" time="0.005" classname="org.testNG.practice.TestClass3"/>
  <testcase name="testMethod9" time="0.005" classname="org.testNG.practice.TestClass3"/>
</testsuite> <!-- Test2 -->
