<?xml version="1.0" encoding="UTF-8"?>
<!-- Generated by org.testng.reporters.JUnitXMLReporter -->
<testsuite hostname="DESKTOP-7JK4AN7" ignored="0" name="Test1" tests="11" failures="0" timestamp="2022-08-12T02:24:20 PDT" time="0.4" errors="0">
  <testcase name="testMethod1" time="0.026" classname="org.testNG.practice.Testclass1"/>
  <testcase name="testMethod2" time="0.007" classname="org.testNG.practice.Testclass1"/>
  <testcase name="testMethod3" time="0.013" classname="org.testNG.practice.Testclass1"/>
  <testcase name="testMethod4" time="0.022" classname="org.testNG.practice.Testclass1"/>
  <testcase name="testMethod5" time="0.01" classname="org.testNG.practice.TestClass2"/>
  <testcase name="testMethod6" time="0.009" classname="org.testNG.practice.TestClass2"/>
  <testcase name="testMethod7" time="0.003" classname="org.testNG.practice.TestClass2"/>
  <testcase name="testMethod10" time="0.008" classname="org.testNG.practice.TestClass3"/>
  <testcase name="testMethod11" time="0.005" classname="org.testNG.practice.TestClass3"/>
  <testcase name="testMethod8" time="0.005" classname="org.testNG.practice.TestClass3"/>
  <testcase name="testMethod9" time="0.008" classname="org.testNG.practice.TestClass3"/>
</testsuite> <!-- Test1 -->
