<?xml version="1.0" encoding="UTF-8"?>
<!-- Generated by org.testng.reporters.JUnitXMLReporter -->
<testsuite hostname="DESKTOP-7JK4AN7" ignored="0" name="Test2" tests="4" failures="0" timestamp="2022-08-12T02:24:20 PDT" time="0.045" errors="0">
  <testcase name="testMethod10" time="0.004" classname="org.testNG.practice.TestClass4"/>
  <testcase name="testMethod11" time="0.003" classname="org.testNG.practice.TestClass4"/>
  <testcase name="testMethod8" time="0.007" classname="org.testNG.practice.TestClass4"/>
  <testcase name="testMethod9" time="0.002" classname="org.testNG.practice.TestClass4"/>
</testsuite> <!-- Test2 -->
