<?xml version="1.0" encoding="UTF-8"?>
<testng-results skipped="0" failed="0" ignored="0" total="1" passed="1">
  <reporter-output>
    <line>
      <![CDATA[Both country names same]]>
    </line>
  </reporter-output>
  <suite name="Suite" duration-ms="66296" started-at="2023-02-27T12:31:44 PST" finished-at="2023-02-27T12:32:50 PST">
    <groups>
    </groups>
    <test name="Test" duration-ms="66296" started-at="2023-02-27T12:31:44 PST" finished-at="2023-02-27T12:32:50 PST">
      <class name="RealTimeScenarios.Runner">
        <test-method status="PASS" signature="validateImdbAndWiki()[pri:1, instance:RealTimeScenarios.Runner@6b26e945]" name="validateImdbAndWiki" duration-ms="66146" started-at="2023-02-27T12:31:44 PST" finished-at="2023-02-27T12:32:50 PST">
          <reporter-output>
            <line>
              <![CDATA[Both country names same]]>
            </line>
          </reporter-output>
        </test-method> <!-- validateImdbAndWiki -->
      </class> <!-- RealTimeScenarios.Runner -->
    </test> <!-- Test -->
  </suite> <!-- Suite -->
</testng-results>
