<?xml version="1.0" encoding="UTF-8"?>
<testng-results skipped="0" failed="0" ignored="0" total="2" passed="2">
  <reporter-output>
  </reporter-output>
  <suite name="Default suite" duration-ms="171" started-at="2023-02-03T20:59:34 PST" finished-at="2023-02-03T20:59:34 PST">
    <groups>
    </groups>
    <test name="Default test" duration-ms="171" started-at="2023-02-03T20:59:34 PST" finished-at="2023-02-03T20:59:34 PST">
      <class name="org.testNG.practice.Priority">
        <test-method status="PASS" signature="login()[pri:0, instance:org.testNG.practice.Priority@1f1c7bf6]" name="login" duration-ms="23" started-at="2023-02-03T20:59:34 PST" finished-at="2023-02-03T20:59:34 PST">
          <reporter-output>
          </reporter-output>
        </test-method> <!-- login -->
        <test-method status="PASS" signature="password()[pri:1, instance:org.testNG.practice.Priority@1f1c7bf6]" name="password" duration-ms="3" started-at="2023-02-03T20:59:34 PST" finished-at="2023-02-03T20:59:34 PST">
          <reporter-output>
          </reporter-output>
        </test-method> <!-- password -->
      </class> <!-- org.testNG.practice.Priority -->
    </test> <!-- Default test -->
  </suite> <!-- Default suite -->
</testng-results>
